{
  "id": "rule_787827_exec_20250628_060906",
  "rule_id": "rule_787827",
  "status": "failed",
  "result": {
    "success": false,
    "message": "执行结果: 好的，我已经根据您的指令，分析了当前系统状态和您提供的Python代码执行结果。\n\n**执行结果分析：**\n\n1.  **`calculator.py`文件状态：**\n    *   根据代码执行的标准输出，在读取`calculator.py`文件时，其`divide`函数中的错误消息已经被发现是`raise ValueError(\"Cannot divide by zero\")`，即**不包含感叹号**。\n    *   这与之前测试失败报告中指出的“实际错误消息：`'Cannot divide by zero!'`”存在矛盾。这意味着在本次执行之前，`calculator.py`文件中的错误消息可能已经得到了修正，或者之前的报告信息有误。\n    *   由于文件内容已是正确的，代码逻辑判断`未找到预期的错误消息字符串`，因此`calculator.py`文件实际上**没有进行任何修改**，只是被重新写入了其原有的（已是正确的）内容。\n\n2.  **测试重新运行：**\n    *   代码成功地进入了“重新运行单元测试以验证修复”的阶段。\n    *   然而，**关键问题在于，代码执行的标准输出和标准错误中，缺少了重新运行测试的详细结果。** 输出在“正在重新运行单元测试以验证修复...”之后就戛然而止，没有显示`unittest`的测试报告（例如通过了多少个，失败了多少个，以及具体的失败信息）。\n    *   这意味着我们无法确认在`calculator.py`文件内容（已是正确状态）下，`test_divide_by_zero`测试是否已经通过，或者是否有其他测试失败。\n\n**结论：**\n\n尽管`calculator.py`文件中的`divide`函数错误消息在本次执行时已被发现是正确的，但由于**重新运行测试的完整结果缺失**，我们无法确认所有单元测试是否已通过。因此，开发计算器程序的第三项要求（运行测试，确保测试通过）尚未得到完全验证。\n\n**下一步行动方向：**\n\n为了明确当前所有测试的通过情况，我们需要**再次运行单元测试**，并确保能够完整捕获并报告测试结果。这将帮助我们最终确认`test_divide_by_zero`问题是否已解决，以及所有测试是否都已通过。 | 输出: 正在读取 'calculator.py' 的内容...\n原始内容:\n---START---\n\ndef add(x, y):\n    \"\"\"Adds two numbers.\"\"\"\n    return x + y\n\ndef subtract(x, y):\n    \"\"\"Subtracts two numbers.\"\"\"\n    return x - y\n\ndef multiply(x, y):\n    \"\"\"Multiplies two numbers.\"\"\"\n    return x * y\n\ndef divide(x, y):\n    \"\"\"Divides two numbers, raises ValueError if divisor is zero.\"\"\"\n    if y == 0:\n        raise ValueError(\"Cannot divide by zero\")\n    return x / y\n\n---END---\n未找到预期的错误消息字符串，可能文件已被修改或内容不符。\n文件 'calculator.py' 已成功更新。\n文件内容更新验证成功。\n\n正在重新运行单元测试以验证修复...\n",
    "data": {
      "code": "\nimport unittest\nimport sys\nimport io\nimport os\nimport importlib\n\ntry:\n    # 1. 读取 calculator.py 的内容\n    file_name = \"calculator.py\"\n    with open(file_name, \"r\") as f:\n        content = f.read()\n\n    print(f\"正在读取 '{file_name}' 的内容...\")\n    print(\"原始内容:\")\n    print(\"---START---\")\n    print(content)\n    print(\"---END---\")\n\n    # 2. 修正 divide 函数中的错误消息\n    # 将 'Cannot divide by zero!' 替换为 'Cannot divide by zero'\n    old_error_message = 'raise ValueError(\"Cannot divide by zero!\")'\n    new_error_message = 'raise ValueError(\"Cannot divide by zero\")'\n\n    if old_error_message in content:\n        new_content = content.replace(old_error_message, new_error_message)\n        print(f\"已将错误消息 '{old_error_message}' 修正为 '{new_error_message}'。\")\n    else:\n        print(\"未找到预期的错误消息字符串，可能文件已被修改或内容不符。\")\n        new_content = content # 如果没找到，则保持原样，后续断言会失败\n\n    # 3. 将修正后的内容写回 calculator.py\n    with open(file_name, \"w\") as f:\n        f.write(new_content)\n    \n    print(f\"文件 '{file_name}' 已成功更新。\")\n\n    # 验证文件内容是否已更新\n    with open(file_name, \"r\") as f:\n        verified_content = f.read()\n    assert new_content.strip() == verified_content.strip(), \"文件内容更新后验证失败。\"\n    print(\"文件内容更新验证成功。\")\n\n    # 4. 重新运行测试以验证修复\n    print(\"\\n正在重新运行单元测试以验证修复...\")\n\n    # 导入 calculator 模块\n    # 为了确保导入的是最新修改的文件，需要先从 sys.modules 中移除\n    if 'calculator' in sys.modules:\n        del sys.modules['calculator']\n    import calculator # 重新导入修改后的 calculator 模块\n\n    # 捕获标准输出和标准错误\n    old_stdout = sys.stdout\n    old_stderr = sys.stderr\n    redirected_output = io.StringIO()\n    redirected_error = io.StringIO()\n    sys.stdout = redirected_output\n    sys.stderr = redirected_error\n\n    try:\n        test_file_name = \"test_calculator.py\"\n        if not os.path.exists(test_file_name):\n            raise FileNotFoundError(f\"测试文件 '{test_file_name}' 不存在。\")\n\n        # 将当前目录添加到 sys.path，以便可以导入 test_calculator 模块\n        current_dir = os.getcwd()\n        if current_dir not in sys.path:\n            sys.path.insert(0, current_dir)\n\n        # 导入测试模块\n        test_module_name = test_file_name.replace('.py', '')\n        if test_module_name in sys.modules:\n            # 如果模块已经导入过，则重新加载以获取最新更改\n            test_module = importlib.reload(sys.modules[test_module_name])\n        else:\n            # 否则，直接导入模块\n            test_module = importlib.import_module(test_module_name)\n\n        # 使用 TestLoader 从模块中加载所有测试用例\n        loader = unittest.TestLoader()\n        suite = loader.loadTestsFromModule(test_module)\n\n        # 运行测试，并将结果流式传输到重定向的 stderr\n        runner = unittest.TextTestRunner(stream=sys.stderr, verbosity=1)\n        result = runner.run(suite)\n\n        print(\"\\n--- 重新运行测试结果 ---\")\n        print(f\"标准输出 (stdout):\\n{redirected_output.getvalue()}\")\n        print(f\"标准错误 (stderr):\\n{redirected_error.getvalue()}\")\n\n        # 验证所有测试是否通过\n        assert result.wasSuccessful(), \"重新运行测试后，仍有测试失败。\"\n        print(\"所有单元测试均已通过。任务完成。\")\n\n    finally:\n        # 恢复标准输出和标准错误\n        sys.stdout = old_stdout\n        sys.stderr = old_stderr\n        # 清理 sys.path\n        if current_dir in sys.path:\n            sys.path.remove(current_dir)\n\nexcept Exception as e:\n    print(f\"发生错误: {str(e)}\")",
      "return_value": "好的，我已经根据您的指令，分析了当前系统状态和您提供的Python代码执行结果。\n\n**执行结果分析：**\n\n1.  **`calculator.py`文件状态：**\n    *   根据代码执行的标准输出，在读取`calculator.py`文件时，其`divide`函数中的错误消息已经被发现是`raise ValueError(\"Cannot divide by zero\")`，即**不包含感叹号**。\n    *   这与之前测试失败报告中指出的“实际错误消息：`'Cannot divide by zero!'`”存在矛盾。这意味着在本次执行之前，`calculator.py`文件中的错误消息可能已经得到了修正，或者之前的报告信息有误。\n    *   由于文件内容已是正确的，代码逻辑判断`未找到预期的错误消息字符串`，因此`calculator.py`文件实际上**没有进行任何修改**，只是被重新写入了其原有的（已是正确的）内容。\n\n2.  **测试重新运行：**\n    *   代码成功地进入了“重新运行单元测试以验证修复”的阶段。\n    *   然而，**关键问题在于，代码执行的标准输出和标准错误中，缺少了重新运行测试的详细结果。** 输出在“正在重新运行单元测试以验证修复...”之后就戛然而止，没有显示`unittest`的测试报告（例如通过了多少个，失败了多少个，以及具体的失败信息）。\n    *   这意味着我们无法确认在`calculator.py`文件内容（已是正确状态）下，`test_divide_by_zero`测试是否已经通过，或者是否有其他测试失败。\n\n**结论：**\n\n尽管`calculator.py`文件中的`divide`函数错误消息在本次执行时已被发现是正确的，但由于**重新运行测试的完整结果缺失**，我们无法确认所有单元测试是否已通过。因此，开发计算器程序的第三项要求（运行测试，确保测试通过）尚未得到完全验证。\n\n**下一步行动方向：**\n\n为了明确当前所有测试的通过情况，我们需要**再次运行单元测试**，并确保能够完整捕获并报告测试结果。这将帮助我们最终确认`test_divide_by_zero`问题是否已解决，以及所有测试是否都已通过。",
      "stdout": "正在读取 'calculator.py' 的内容...\n原始内容:\n---START---\n\ndef add(x, y):\n    \"\"\"Adds two numbers.\"\"\"\n    return x + y\n\ndef subtract(x, y):\n    \"\"\"Subtracts two numbers.\"\"\"\n    return x - y\n\ndef multiply(x, y):\n    \"\"\"Multiplies two numbers.\"\"\"\n    return x * y\n\ndef divide(x, y):\n    \"\"\"Divides two numbers, raises ValueError if divisor is zero.\"\"\"\n    if y == 0:\n        raise ValueError(\"Cannot divide by zero\")\n    return x / y\n\n---END---\n未找到预期的错误消息字符串，可能文件已被修改或内容不符。\n文件 'calculator.py' 已成功更新。\n文件内容更新验证成功。\n\n正在重新运行单元测试以验证修复...\n",
      "stderr": null
    },
    "error_details": "执行结果验证失败",
    "metadata": {
      "instruction": "\n执行任务: 根据测试失败报告，分析`calculator.py`中的问题并进行调试和修复，直到所有测试通过。修复后重新运行测试。\n\n当前状态: **新系统状态描述:**\n\n**执行操作和结果:**\n规则`RunTestsAndReport`已成功执行。`test_calculator.py`中的20个单元测试已运行，其中19个通过，1个失败。失败的测试是`test_divide_by_zero`，原因是`calculator.py`中`divide`函数抛出的错误消息（`'Cannot divide by zero!'`）与测试用例预期的消息（`'Cannot divide by zero'`）不完全匹配。\n\n**当前系统状态:**\n单元测试已成功运行并报告了结果，但由于`test_divide_by_zero`测试失败，表明`calculator.py`中`divide`函数的错误处理逻辑存在细微缺陷。开发计算器程序的第三项要求（运行测试，确保测试通过）尚未完全达成。系统已识别出需要修正的代码缺陷。\n\n**下一步行动方向:**\n鉴于测试失败，系统需要进入调试和修正阶段。下一步将是触发【verification阶段】的`DebugAndRefine`规则，以修正`calculator.py`中`divide`函数的错误消息，使其与测试用例期望的完全一致，然后重新运行测试进行验证。\n\n**关键数据和状态信息:**\n*   `file_exists_calculator_py`: True\n*   `calculator_py_content_verified`: True\n*   `basic_operations_implemented`: True\n*   `file_exists_test_calculator_py`: True\n*   `test_calculator_py_content_verified`: True\n*   `unit_tests_written`: True\n*   `tests_executed`: True\n*   `tests_passed_all`: False\n*   `failed_test_count`: 1\n*   `failed_test_name`: \"test_divide_by_zero\"\n*   `bug_identified`: True (divide function error message mismatch)\n*   `goal_progress_step1_completed`: True\n*   `goal_progress_step2_completed`: True\n*   `goal_progress_step3_completed`: False\n*   `current_file_name`: \"test_calculator.py\" (上次操作的上下文)\n*   `workflow_stage`: \"debugging_required\"\n\n规则上下文:\n- 规则名称: DebugAndRefine\n- 期望结果: `calculator.py`中的代码已修复，所有单元测试均通过。\n- 执行阶段: verification\n\n相关上下文变量:\n- goal: \n    开发一个简单的计算器程序，要求：\n    1. 实现加减乘除四个基本运算\n    2. 编写完整的单元测试\n    3. 运行测试，确保测试通过\n    4. 文件保存在calculator.py\n    \n- last_execution_success: True\n\n最近执行历史:\n1. [执行成功] 执行结果: 好的，根据您的指令，我已经成功编写了`add`、`subtract`、`multiply`、`divide`四个函数，并将它们保存到了`calculator.py`文件中。\n\n代码执行结果显示，`calculator.py`文件已成功创建，并且文件内容也经过了验证，符合预期。这完成了开发简单计算器程序的第一步，即实现了加减乘除四个基本运算功能并将其保存到指定文件。 | 输出: 文件 'calculator.py' 已成功创建。\n文件内容验证成功。\n任务完成\n\n2. [执行成功] 执行结果: 好的，我已经根据您的指令，为`calculator.py`中的`add`、`subtract`、`multiply`、`divide`函数编写了完整的单元测试用例，并已将测试代码成功保存到`test_calculator.py`文件中。\n\n**执行结果：**\n*   `test_calculator.py`文件已成功创建。\n*   该文件包含了针对加、减、乘、除函数的全面单元测试，涵盖了正数、负数、零、浮点数等正常情况，以及除数为零的边界条件。\n*   文件内容已通过验证，符合预期。\n\n这标志着开发计算器程序的第二项要求（编写完整的单元测试）已完成。\n\n**下一步行动方向：**\n鉴于`test_calculator.py`已成功创建并包含所需测试，系统现在将进入运行这些单元测试的阶段，以确保`calculator.py`中的函数功能正确。 | 输出: test_calculator.py 文件已成功创建并包含单元测试代码。\n任务完成\n\n3. [执行成功] 执行结果: 好的，我已经根据您的指令，运行了`test_calculator.py`中的所有单元测试，并已获取测试结果。\n\n**执行结果：**\n测试运行已完成，但结果显示部分单元测试未能通过。\n\n*   **测试总数：** 20个\n*   **失败测试数：** 1个\n*   **通过测试数：** 19个\n\n**失败详情：**\n`test_divide_by_zero` 测试用例未能通过。该测试旨在验证当除数为零时，`divide`函数是否能正确处理并抛出预期的错误。\n*   **预期错误消息：** `'Cannot divide by zero'`\n*   **实际错误消息：** `'Cannot divide by zero!'`\n失败的原因是实际抛出的错误消息比预期多了一个感叹号，导致断言失败。\n\n**当前系统状态：**\n`test_calculator.py`中的单元测试已成功运行并报告了结果。然而，由于`test_divide_by_zero`测试失败，表明`calculator.py`中`divide`函数的错误处理逻辑与测试用例的预期不完全一致。这标志着开发计算器程序的第三项要求（运行测试，确保测试通过）尚未完全达成。\n\n**下一步行动方向：**\n鉴于`test_divide_by_zero`测试失败，下一步将是修正`calculator.py`中`divide`函数的错误处理逻辑，确保其在除数为零时抛出的错误消息与测试用例期望的`\"Cannot divide by zero\"`完全一致。修正完成后，需要重新运行单元测试以验证问题是否已解决。 | 输出: 正在运行 test_calculator.py 中的单元测试...\n\n--- 测试运行结果 ---\n标准输出 (stdout):\nRunning tests for calculator.py...\nTest add_float_numbers passed.\nTest add_mixed_numbers passed.\nTest add_negative_numbers passed.\nTest add_positive_numbers passed.\nTest add_zero passed.\nTest divide_by_one passed.\nTest divide_float_numbers passed.\nTest divide_negative_numbers passed.\nTest divide_positive_numbers passed.\nTest divide_zero_by_number passed.\nTest multiply_by_zero passed.\nTest multiply_float_numbers passed.\nTest multiply_negative_numbers passed.\nTest multiply_positive_numbers passed.\nTest subtract_float_numbers passed.\nTest subtract_mixed_numbers passed.\nTest subtract_negative_numbers passed.\nTest subtract_positive_numbers passed.\nTest subtract_zero passed.\n\n标准错误 (stderr):\n......F.............\n======================================================================\nFAIL: test_divide_by_zero (__main__.TestCalculator)\n测试除法：除数为零的边界条件\n----------------------------------------------------------------------\nTraceback (most recent call last):\n  File \"/home/guci/aiProjects/AgentFrameWork/test_calculator.py\", line 134, in test_divide_by_zero\n    self.assertEqual(str(cm.exception), \"Cannot divide by zero\")\nAssertionError: 'Cannot divide by zero!' != 'Cannot divide by zero'\n- Cannot divide by zero!\n?                      -\n+ Cannot divide by zero\n\n\n----------------------------------------------------------------------\nRan 20 tests in 0.001s\n\nFAILED (failures=1)\n\n\n部分或所有单元测试未能通过。请检查上述输出以获取详细信息。\n发生错误: 'TeeOutput' object has no attribute 'getvalue'\n\n\n请根据以上信息执行任务: 根据测试失败报告，分析`calculator.py`中的问题并进行调试和修复，直到所有测试通过。修复后重新运行测试。",
      "source_type": "agent_base_result",
      "has_code": true,
      "has_output": true
    }
  },
  "completed_at": "2025-06-28T06:10:15.302346",
  "execution_context": {
    "rule_info": {
      "id": "rule_787827",
      "name": "DebugAndRefine",
      "condition": "运行单元测试后，有测试用例失败。",
      "action": "根据测试失败报告，分析`calculator.py`中的问题并进行调试和修复，直到所有测试通过。修复后重新运行测试。",
      "expected_outcome": "`calculator.py`中的代码已修复，所有单元测试均通过。",
      "priority": 60,
      "phase": "verification"
    },
    "state_info": {
      "description": "**新系统状态描述:**\n\n**执行操作和结果:**\n规则`RunTestsAndReport`已成功执行。`test_calculator.py`中的20个单元测试已运行，其中19个通过，1个失败。失败的测试是`test_divide_by_zero`，原因是`calculator.py`中`divide`函数抛出的错误消息（`'Cannot divide by zero!'`）与测试用例预期的消息（`'Cannot divide by zero'`）不完全匹配。\n\n**当前系统状态:**\n单元测试已成功运行并报告了结果，但由于`test_divide_by_zero`测试失败，表明`calculator.py`中`divide`函数的错误处理逻辑存在细微缺陷。开发计算器程序的第三项要求（运行测试，确保测试通过）尚未完全达成。系统已识别出需要修正的代码缺陷。\n\n**下一步行动方向:**\n鉴于测试失败，系统需要进入调试和修正阶段。下一步将是触发【verification阶段】的`DebugAndRefine`规则，以修正`calculator.py`中`divide`函数的错误消息，使其与测试用例期望的完全一致，然后重新运行测试进行验证。\n\n**关键数据和状态信息:**\n*   `file_exists_calculator_py`: True\n*   `calculator_py_content_verified`: True\n*   `basic_operations_implemented`: True\n*   `file_exists_test_calculator_py`: True\n*   `test_calculator_py_content_verified`: True\n*   `unit_tests_written`: True\n*   `tests_executed`: True\n*   `tests_passed_all`: False\n*   `failed_test_count`: 1\n*   `failed_test_name`: \"test_divide_by_zero\"\n*   `bug_identified`: True (divide function error message mismatch)\n*   `goal_progress_step1_completed`: True\n*   `goal_progress_step2_completed`: True\n*   `goal_progress_step3_completed`: False\n*   `current_file_name`: \"test_calculator.py\" (上次操作的上下文)\n*   `workflow_stage`: \"debugging_required\"",
      "iteration_count": 3,
      "workflow_id": "workflow_\n____开发一个简单的计算器程序，要求_20250628_0606",
      "goal_achieved": false
    },
    "context_variables": {
      "goal": "\n    开发一个简单的计算器程序，要求：\n    1. 实现加减乘除四个基本运算\n    2. 编写完整的单元测试\n    3. 运行测试，确保测试通过\n    4. 文件保存在calculator.py\n    ",
      "last_execution_success": true
    },
    "recent_history": [
      "[iter_0] 工作流启动",
      "[执行成功] 执行结果: 好的，根据您的指令，我已经成功编写了`add`、`subtract`、`multiply`、`divide`四个函数，并将它们保存到了`calculator.py`文件中。\n\n代码执行结果显示，`calculator.py`文件已成功创建，并且文件内容也经过了验证，符合预期。这完成了开发简单计算器程序的第一步，即实现了加减乘除四个基本运算功能并将其保存到指定文件。 | 输出: 文件 'calculator.py' 已成功创建。\n文件内容验证成功。\n任务完成\n",
      "[执行成功] 执行结果: 好的，我已经根据您的指令，为`calculator.py`中的`add`、`subtract`、`multiply`、`divide`函数编写了完整的单元测试用例，并已将测试代码成功保存到`test_calculator.py`文件中。\n\n**执行结果：**\n*   `test_calculator.py`文件已成功创建。\n*   该文件包含了针对加、减、乘、除函数的全面单元测试，涵盖了正数、负数、零、浮点数等正常情况，以及除数为零的边界条件。\n*   文件内容已通过验证，符合预期。\n\n这标志着开发计算器程序的第二项要求（编写完整的单元测试）已完成。\n\n**下一步行动方向：**\n鉴于`test_calculator.py`已成功创建并包含所需测试，系统现在将进入运行这些单元测试的阶段，以确保`calculator.py`中的函数功能正确。 | 输出: test_calculator.py 文件已成功创建并包含单元测试代码。\n任务完成\n",
      "[执行成功] 执行结果: 好的，我已经根据您的指令，运行了`test_calculator.py`中的所有单元测试，并已获取测试结果。\n\n**执行结果：**\n测试运行已完成，但结果显示部分单元测试未能通过。\n\n*   **测试总数：** 20个\n*   **失败测试数：** 1个\n*   **通过测试数：** 19个\n\n**失败详情：**\n`test_divide_by_zero` 测试用例未能通过。该测试旨在验证当除数为零时，`divide`函数是否能正确处理并抛出预期的错误。\n*   **预期错误消息：** `'Cannot divide by zero'`\n*   **实际错误消息：** `'Cannot divide by zero!'`\n失败的原因是实际抛出的错误消息比预期多了一个感叹号，导致断言失败。\n\n**当前系统状态：**\n`test_calculator.py`中的单元测试已成功运行并报告了结果。然而，由于`test_divide_by_zero`测试失败，表明`calculator.py`中`divide`函数的错误处理逻辑与测试用例的预期不完全一致。这标志着开发计算器程序的第三项要求（运行测试，确保测试通过）尚未完全达成。\n\n**下一步行动方向：**\n鉴于`test_divide_by_zero`测试失败，下一步将是修正`calculator.py`中`divide`函数的错误处理逻辑，确保其在除数为零时抛出的错误消息与测试用例期望的`\"Cannot divide by zero\"`完全一致。修正完成后，需要重新运行单元测试以验证问题是否已解决。 | 输出: 正在运行 test_calculator.py 中的单元测试...\n\n--- 测试运行结果 ---\n标准输出 (stdout):\nRunning tests for calculator.py...\nTest add_float_numbers passed.\nTest add_mixed_numbers passed.\nTest add_negative_numbers passed.\nTest add_positive_numbers passed.\nTest add_zero passed.\nTest divide_by_one passed.\nTest divide_float_numbers passed.\nTest divide_negative_numbers passed.\nTest divide_positive_numbers passed.\nTest divide_zero_by_number passed.\nTest multiply_by_zero passed.\nTest multiply_float_numbers passed.\nTest multiply_negative_numbers passed.\nTest multiply_positive_numbers passed.\nTest subtract_float_numbers passed.\nTest subtract_mixed_numbers passed.\nTest subtract_negative_numbers passed.\nTest subtract_positive_numbers passed.\nTest subtract_zero passed.\n\n标准错误 (stderr):\n......F.............\n======================================================================\nFAIL: test_divide_by_zero (__main__.TestCalculator)\n测试除法：除数为零的边界条件\n----------------------------------------------------------------------\nTraceback (most recent call last):\n  File \"/home/guci/aiProjects/AgentFrameWork/test_calculator.py\", line 134, in test_divide_by_zero\n    self.assertEqual(str(cm.exception), \"Cannot divide by zero\")\nAssertionError: 'Cannot divide by zero!' != 'Cannot divide by zero'\n- Cannot divide by zero!\n?                      -\n+ Cannot divide by zero\n\n\n----------------------------------------------------------------------\nRan 20 tests in 0.001s\n\nFAILED (failures=1)\n\n\n部分或所有单元测试未能通过。请检查上述输出以获取详细信息。\n发生错误: 'TeeOutput' object has no attribute 'getvalue'\n"
    ],
    "execution_config": {
      "timeout": 60,
      "retry_attempts": 3,
      "timestamp": "2025-06-28T06:09:06.668001"
    }
  },
  "failure_reason": "执行结果验证失败",
  "confidence_score": 0.45
}