{
  "id": "rule_637969_exec_20250628_060819",
  "rule_id": "rule_637969",
  "status": "completed",
  "result": {
    "success": true,
    "message": "执行结果: 好的，我已经根据您的指令，运行了`test_calculator.py`中的所有单元测试，并已获取测试结果。\n\n**执行结果：**\n测试运行已完成，但结果显示部分单元测试未能通过。\n\n*   **测试总数：** 20个\n*   **失败测试数：** 1个\n*   **通过测试数：** 19个\n\n**失败详情：**\n`test_divide_by_zero` 测试用例未能通过。该测试旨在验证当除数为零时，`divide`函数是否能正确处理并抛出预期的错误。\n*   **预期错误消息：** `'Cannot divide by zero'`\n*   **实际错误消息：** `'Cannot divide by zero!'`\n失败的原因是实际抛出的错误消息比预期多了一个感叹号，导致断言失败。\n\n**当前系统状态：**\n`test_calculator.py`中的单元测试已成功运行并报告了结果。然而，由于`test_divide_by_zero`测试失败，表明`calculator.py`中`divide`函数的错误处理逻辑与测试用例的预期不完全一致。这标志着开发计算器程序的第三项要求（运行测试，确保测试通过）尚未完全达成。\n\n**下一步行动方向：**\n鉴于`test_divide_by_zero`测试失败，下一步将是修正`calculator.py`中`divide`函数的错误处理逻辑，确保其在除数为零时抛出的错误消息与测试用例期望的`\"Cannot divide by zero\"`完全一致。修正完成后，需要重新运行单元测试以验证问题是否已解决。 | 输出: 正在运行 test_calculator.py 中的单元测试...\n\n--- 测试运行结果 ---\n标准输出 (stdout):\nRunning tests for calculator.py...\nTest add_float_numbers passed.\nTest add_mixed_numbers passed.\nTest add_negative_numbers passed.\nTest add_positive_numbers passed.\nTest add_zero passed.\nTest divide_by_one passed.\nTest divide_float_numbers passed.\nTest divide_negative_numbers passed.\nTest divide_positive_numbers passed.\nTest divide_zero_by_number passed.\nTest multiply_by_zero passed.\nTest multiply_float_numbers passed.\nTest multiply_negative_numbers passed.\nTest multiply_positive_numbers passed.\nTest subtract_float_numbers passed.\nTest subtract_mixed_numbers passed.\nTest subtract_negative_numbers passed.\nTest subtract_positive_numbers passed.\nTest subtract_zero passed.\n\n标准错误 (stderr):\n......F.............\n======================================================================\nFAIL: test_divide_by_zero (__main__.TestCalculator)\n测试除法：除数为零的边界条件\n----------------------------------------------------------------------\nTraceback (most recent call last):\n  File \"/home/guci/aiProjects/AgentFrameWork/test_calculator.py\", line 134, in test_divide_by_zero\n    self.assertEqual(str(cm.exception), \"Cannot divide by zero\")\nAssertionError: 'Cannot divide by zero!' != 'Cannot divide by zero'\n- Cannot divide by zero!\n?                      -\n+ Cannot divide by zero\n\n\n----------------------------------------------------------------------\nRan 20 tests in 0.001s\n\nFAILED (failures=1)\n\n\n部分或所有单元测试未能通过。请检查上述输出以获取详细信息。\n发生错误: 'TeeOutput' object has no attribute 'getvalue'\n",
    "data": {
      "code": "\nimport subprocess\nimport os\nimport sys\n\ntry:\n    test_file_name = 'test_calculator.py'\n\n    # 确保 test_calculator.py 文件存在\n    if not os.path.exists(test_file_name):\n        raise FileNotFoundError(f\"测试文件 '{test_file_name}' 不存在。请确保它已创建。\")\n\n    print(f\"正在运行 {test_file_name} 中的单元测试...\")\n\n    # 使用 subprocess 运行测试文件\n    # unittest 默认将测试结果输出到 stderr\n    # capture_output=True 会捕获 stdout 和 stderr\n    # text=True 会将输出解码为字符串\n    result = subprocess.run(\n        [sys.executable, test_file_name],\n        capture_output=True,\n        text=True,\n        check=False # 不抛出异常，即使测试失败也继续执行，以便捕获输出\n    )\n\n    print(\"\\n--- 测试运行结果 ---\")\n    if result.stdout:\n        print(\"标准输出 (stdout):\")\n        print(result.stdout)\n    if result.stderr:\n        print(\"标准错误 (stderr):\")\n        print(result.stderr)\n\n    # 检查测试是否通过\n    # unittest 成功时返回码为 0，失败时为非 0\n    # 并且 stderr 中会包含 \"OK\" 或 \"FAILED\"\n    if result.returncode == 0 and \"OK\" in result.stderr:\n        print(\"\\n所有单元测试均已通过。\")\n        test_passed = True\n    else:\n        print(\"\\n部分或所有单元测试未能通过。请检查上述输出以获取详细信息。\")\n        test_passed = False\n\n    # 验证任务是否完成：测试是否运行并报告了结果\n    assert \"--- 测试运行结果 ---\" in sys.stdout.getvalue(), \"未捕获到测试运行结果报告。\"\n    assert test_passed, \"单元测试未全部通过。\" # 确保所有测试都通过了\n\n    print(\"任务完成\")\n\nexcept FileNotFoundError as e:\n    print(f\"发生错误: {str(e)}\")\n    print(\"请确保 test_calculator.py 文件存在于当前目录中。\")\nexcept Exception as e:\n    print(f\"发生错误: {str(e)}\")",
      "return_value": "好的，我已经根据您的指令，运行了`test_calculator.py`中的所有单元测试，并已获取测试结果。\n\n**执行结果：**\n测试运行已完成，但结果显示部分单元测试未能通过。\n\n*   **测试总数：** 20个\n*   **失败测试数：** 1个\n*   **通过测试数：** 19个\n\n**失败详情：**\n`test_divide_by_zero` 测试用例未能通过。该测试旨在验证当除数为零时，`divide`函数是否能正确处理并抛出预期的错误。\n*   **预期错误消息：** `'Cannot divide by zero'`\n*   **实际错误消息：** `'Cannot divide by zero!'`\n失败的原因是实际抛出的错误消息比预期多了一个感叹号，导致断言失败。\n\n**当前系统状态：**\n`test_calculator.py`中的单元测试已成功运行并报告了结果。然而，由于`test_divide_by_zero`测试失败，表明`calculator.py`中`divide`函数的错误处理逻辑与测试用例的预期不完全一致。这标志着开发计算器程序的第三项要求（运行测试，确保测试通过）尚未完全达成。\n\n**下一步行动方向：**\n鉴于`test_divide_by_zero`测试失败，下一步将是修正`calculator.py`中`divide`函数的错误处理逻辑，确保其在除数为零时抛出的错误消息与测试用例期望的`\"Cannot divide by zero\"`完全一致。修正完成后，需要重新运行单元测试以验证问题是否已解决。",
      "stdout": "正在运行 test_calculator.py 中的单元测试...\n\n--- 测试运行结果 ---\n标准输出 (stdout):\nRunning tests for calculator.py...\nTest add_float_numbers passed.\nTest add_mixed_numbers passed.\nTest add_negative_numbers passed.\nTest add_positive_numbers passed.\nTest add_zero passed.\nTest divide_by_one passed.\nTest divide_float_numbers passed.\nTest divide_negative_numbers passed.\nTest divide_positive_numbers passed.\nTest divide_zero_by_number passed.\nTest multiply_by_zero passed.\nTest multiply_float_numbers passed.\nTest multiply_negative_numbers passed.\nTest multiply_positive_numbers passed.\nTest subtract_float_numbers passed.\nTest subtract_mixed_numbers passed.\nTest subtract_negative_numbers passed.\nTest subtract_positive_numbers passed.\nTest subtract_zero passed.\n\n标准错误 (stderr):\n......F.............\n======================================================================\nFAIL: test_divide_by_zero (__main__.TestCalculator)\n测试除法：除数为零的边界条件\n----------------------------------------------------------------------\nTraceback (most recent call last):\n  File \"/home/guci/aiProjects/AgentFrameWork/test_calculator.py\", line 134, in test_divide_by_zero\n    self.assertEqual(str(cm.exception), \"Cannot divide by zero\")\nAssertionError: 'Cannot divide by zero!' != 'Cannot divide by zero'\n- Cannot divide by zero!\n?                      -\n+ Cannot divide by zero\n\n\n----------------------------------------------------------------------\nRan 20 tests in 0.001s\n\nFAILED (failures=1)\n\n\n部分或所有单元测试未能通过。请检查上述输出以获取详细信息。\n发生错误: 'TeeOutput' object has no attribute 'getvalue'\n",
      "stderr": null
    },
    "error_details": null,
    "metadata": {
      "instruction": "\n执行任务: 运行`test_calculator.py`中的所有单元测试，并报告测试结果。\n\n当前状态: **新系统状态描述:**\n\n**执行操作和结果:**\n规则`WriteUnitTests`已成功执行。根据指令，`test_calculator.py`文件已成功创建，并包含了针对`calculator.py`中`add`、`subtract`、`multiply`、`divide`四个基本运算函数的完整单元测试用例。文件内容已通过验证，符合预期。\n\n**当前系统状态:**\n`test_calculator.py`文件已存在于文件系统中，且其内容已确认包含所有必需的单元测试。这标志着开发计算器程序的第二项要求（编写完整的单元测试）已完成。\n\n**下一步行动方向:**\n鉴于`test_calculator.py`已成功创建并包含所需测试，系统现在可以进入运行这些单元测试的阶段。下一步将是触发【verification阶段】的`RunTestsAndReport`规则。\n\n**关键数据和状态信息:**\n*   `file_exists_calculator_py`: True\n*   `calculator_py_content_verified`: True\n*   `basic_operations_implemented`: True\n*   `file_exists_test_calculator_py`: True\n*   `test_calculator_py_content_verified`: True\n*   `unit_tests_written`: True (针对加减乘除的单元测试已实现)\n*   `goal_progress_step1_completed`: True\n*   `goal_progress_step2_completed`: True (编写单元测试已完成)\n*   `current_file_name`: \"test_calculator.py\"\n*   `workflow_stage`: \"test_execution_ready\"\n\n规则上下文:\n- 规则名称: RunTestsAndReport\n- 期望结果: 测试运行完成，并输出测试结果报告。\n- 执行阶段: verification\n\n相关上下文变量:\n- goal: \n    开发一个简单的计算器程序，要求：\n    1. 实现加减乘除四个基本运算\n    2. 编写完整的单元测试\n    3. 运行测试，确保测试通过\n    4. 文件保存在calculator.py\n    \n- last_execution_success: True\n\n最近执行历史:\n1. [iter_0] 工作流启动\n2. [执行成功] 执行结果: 好的，根据您的指令，我已经成功编写了`add`、`subtract`、`multiply`、`divide`四个函数，并将它们保存到了`calculator.py`文件中。\n\n代码执行结果显示，`calculator.py`文件已成功创建，并且文件内容也经过了验证，符合预期。这完成了开发简单计算器程序的第一步，即实现了加减乘除四个基本运算功能并将其保存到指定文件。 | 输出: 文件 'calculator.py' 已成功创建。\n文件内容验证成功。\n任务完成\n\n3. [执行成功] 执行结果: 好的，我已经根据您的指令，为`calculator.py`中的`add`、`subtract`、`multiply`、`divide`函数编写了完整的单元测试用例，并已将测试代码成功保存到`test_calculator.py`文件中。\n\n**执行结果：**\n*   `test_calculator.py`文件已成功创建。\n*   该文件包含了针对加、减、乘、除函数的全面单元测试，涵盖了正数、负数、零、浮点数等正常情况，以及除数为零的边界条件。\n*   文件内容已通过验证，符合预期。\n\n这标志着开发计算器程序的第二项要求（编写完整的单元测试）已完成。\n\n**下一步行动方向：**\n鉴于`test_calculator.py`已成功创建并包含所需测试，系统现在将进入运行这些单元测试的阶段，以确保`calculator.py`中的函数功能正确。 | 输出: test_calculator.py 文件已成功创建并包含单元测试代码。\n任务完成\n\n\n请根据以上信息执行任务: 运行`test_calculator.py`中的所有单元测试，并报告测试结果。",
      "source_type": "agent_base_result",
      "has_code": true,
      "has_output": true
    }
  },
  "completed_at": "2025-06-28T06:08:48.920444",
  "execution_context": {
    "rule_info": {
      "id": "rule_637969",
      "name": "RunTestsAndReport",
      "condition": "`test_calculator.py`文件已创建并包含单元测试。",
      "action": "运行`test_calculator.py`中的所有单元测试，并报告测试结果。",
      "expected_outcome": "测试运行完成，并输出测试结果报告。",
      "priority": 70,
      "phase": "verification"
    },
    "state_info": {
      "description": "**新系统状态描述:**\n\n**执行操作和结果:**\n规则`WriteUnitTests`已成功执行。根据指令，`test_calculator.py`文件已成功创建，并包含了针对`calculator.py`中`add`、`subtract`、`multiply`、`divide`四个基本运算函数的完整单元测试用例。文件内容已通过验证，符合预期。\n\n**当前系统状态:**\n`test_calculator.py`文件已存在于文件系统中，且其内容已确认包含所有必需的单元测试。这标志着开发计算器程序的第二项要求（编写完整的单元测试）已完成。\n\n**下一步行动方向:**\n鉴于`test_calculator.py`已成功创建并包含所需测试，系统现在可以进入运行这些单元测试的阶段。下一步将是触发【verification阶段】的`RunTestsAndReport`规则。\n\n**关键数据和状态信息:**\n*   `file_exists_calculator_py`: True\n*   `calculator_py_content_verified`: True\n*   `basic_operations_implemented`: True\n*   `file_exists_test_calculator_py`: True\n*   `test_calculator_py_content_verified`: True\n*   `unit_tests_written`: True (针对加减乘除的单元测试已实现)\n*   `goal_progress_step1_completed`: True\n*   `goal_progress_step2_completed`: True (编写单元测试已完成)\n*   `current_file_name`: \"test_calculator.py\"\n*   `workflow_stage`: \"test_execution_ready\"",
      "iteration_count": 2,
      "workflow_id": "workflow_\n____开发一个简单的计算器程序，要求_20250628_0606",
      "goal_achieved": false
    },
    "context_variables": {
      "goal": "\n    开发一个简单的计算器程序，要求：\n    1. 实现加减乘除四个基本运算\n    2. 编写完整的单元测试\n    3. 运行测试，确保测试通过\n    4. 文件保存在calculator.py\n    ",
      "last_execution_success": true
    },
    "recent_history": [
      "[iter_0] 工作流启动",
      "[执行成功] 执行结果: 好的，根据您的指令，我已经成功编写了`add`、`subtract`、`multiply`、`divide`四个函数，并将它们保存到了`calculator.py`文件中。\n\n代码执行结果显示，`calculator.py`文件已成功创建，并且文件内容也经过了验证，符合预期。这完成了开发简单计算器程序的第一步，即实现了加减乘除四个基本运算功能并将其保存到指定文件。 | 输出: 文件 'calculator.py' 已成功创建。\n文件内容验证成功。\n任务完成\n",
      "[执行成功] 执行结果: 好的，我已经根据您的指令，为`calculator.py`中的`add`、`subtract`、`multiply`、`divide`函数编写了完整的单元测试用例，并已将测试代码成功保存到`test_calculator.py`文件中。\n\n**执行结果：**\n*   `test_calculator.py`文件已成功创建。\n*   该文件包含了针对加、减、乘、除函数的全面单元测试，涵盖了正数、负数、零、浮点数等正常情况，以及除数为零的边界条件。\n*   文件内容已通过验证，符合预期。\n\n这标志着开发计算器程序的第二项要求（编写完整的单元测试）已完成。\n\n**下一步行动方向：**\n鉴于`test_calculator.py`已成功创建并包含所需测试，系统现在将进入运行这些单元测试的阶段，以确保`calculator.py`中的函数功能正确。 | 输出: test_calculator.py 文件已成功创建并包含单元测试代码。\n任务完成\n"
    ],
    "execution_config": {
      "timeout": 60,
      "retry_attempts": 3,
      "timestamp": "2025-06-28T06:08:19.552863"
    }
  },
  "failure_reason": null,
  "confidence_score": 1.0
}