{
  "id": "workflow_\n____开发一个简单的计算器程序，要求_20250628_0606_initial_iter_1_iter_2_iter_3",
  "state": "**新系统状态描述:**\n\n**执行操作和结果:**\n规则`RunTestsAndReport`已成功执行。`test_calculator.py`中的20个单元测试已运行，其中19个通过，1个失败。失败的测试是`test_divide_by_zero`，原因是`calculator.py`中`divide`函数抛出的错误消息（`'Cannot divide by zero!'`）与测试用例预期的消息（`'Cannot divide by zero'`）不完全匹配。\n\n**当前系统状态:**\n单元测试已成功运行并报告了结果，但由于`test_divide_by_zero`测试失败，表明`calculator.py`中`divide`函数的错误处理逻辑存在细微缺陷。开发计算器程序的第三项要求（运行测试，确保测试通过）尚未完全达成。系统已识别出需要修正的代码缺陷。\n\n**下一步行动方向:**\n鉴于测试失败，系统需要进入调试和修正阶段。下一步将是触发【verification阶段】的`DebugAndRefine`规则，以修正`calculator.py`中`divide`函数的错误消息，使其与测试用例期望的完全一致，然后重新运行测试进行验证。\n\n**关键数据和状态信息:**\n*   `file_exists_calculator_py`: True\n*   `calculator_py_content_verified`: True\n*   `basic_operations_implemented`: True\n*   `file_exists_test_calculator_py`: True\n*   `test_calculator_py_content_verified`: True\n*   `unit_tests_written`: True\n*   `tests_executed`: True\n*   `tests_passed_all`: False\n*   `failed_test_count`: 1\n*   `failed_test_name`: \"test_divide_by_zero\"\n*   `bug_identified`: True (divide function error message mismatch)\n*   `goal_progress_step1_completed`: True\n*   `goal_progress_step2_completed`: True\n*   `goal_progress_step3_completed`: False\n*   `current_file_name`: \"test_calculator.py\" (上次操作的上下文)\n*   `workflow_stage`: \"debugging_required\"",
  "context_variables": {
    "goal": "\n    开发一个简单的计算器程序，要求：\n    1. 实现加减乘除四个基本运算\n    2. 编写完整的单元测试\n    3. 运行测试，确保测试通过\n    4. 文件保存在calculator.py\n    ",
    "last_execution_success": true
  },
  "execution_history": [
    "[iter_0] 工作流启动",
    "[执行成功] 执行结果: 好的，根据您的指令，我已经成功编写了`add`、`subtract`、`multiply`、`divide`四个函数，并将它们保存到了`calculator.py`文件中。\n\n代码执行结果显示，`calculator.py`文件已成功创建，并且文件内容也经过了验证，符合预期。这完成了开发简单计算器程序的第一步，即实现了加减乘除四个基本运算功能并将其保存到指定文件。 | 输出: 文件 'calculator.py' 已成功创建。\n文件内容验证成功。\n任务完成\n",
    "[执行成功] 执行结果: 好的，我已经根据您的指令，为`calculator.py`中的`add`、`subtract`、`multiply`、`divide`函数编写了完整的单元测试用例，并已将测试代码成功保存到`test_calculator.py`文件中。\n\n**执行结果：**\n*   `test_calculator.py`文件已成功创建。\n*   该文件包含了针对加、减、乘、除函数的全面单元测试，涵盖了正数、负数、零、浮点数等正常情况，以及除数为零的边界条件。\n*   文件内容已通过验证，符合预期。\n\n这标志着开发计算器程序的第二项要求（编写完整的单元测试）已完成。\n\n**下一步行动方向：**\n鉴于`test_calculator.py`已成功创建并包含所需测试，系统现在将进入运行这些单元测试的阶段，以确保`calculator.py`中的函数功能正确。 | 输出: test_calculator.py 文件已成功创建并包含单元测试代码。\n任务完成\n",
    "[执行成功] 执行结果: 好的，我已经根据您的指令，运行了`test_calculator.py`中的所有单元测试，并已获取测试结果。\n\n**执行结果：**\n测试运行已完成，但结果显示部分单元测试未能通过。\n\n*   **测试总数：** 20个\n*   **失败测试数：** 1个\n*   **通过测试数：** 19个\n\n**失败详情：**\n`test_divide_by_zero` 测试用例未能通过。该测试旨在验证当除数为零时，`divide`函数是否能正确处理并抛出预期的错误。\n*   **预期错误消息：** `'Cannot divide by zero'`\n*   **实际错误消息：** `'Cannot divide by zero!'`\n失败的原因是实际抛出的错误消息比预期多了一个感叹号，导致断言失败。\n\n**当前系统状态：**\n`test_calculator.py`中的单元测试已成功运行并报告了结果。然而，由于`test_divide_by_zero`测试失败，表明`calculator.py`中`divide`函数的错误处理逻辑与测试用例的预期不完全一致。这标志着开发计算器程序的第三项要求（运行测试，确保测试通过）尚未完全达成。\n\n**下一步行动方向：**\n鉴于`test_divide_by_zero`测试失败，下一步将是修正`calculator.py`中`divide`函数的错误处理逻辑，确保其在除数为零时抛出的错误消息与测试用例期望的`\"Cannot divide by zero\"`完全一致。修正完成后，需要重新运行单元测试以验证问题是否已解决。 | 输出: 正在运行 test_calculator.py 中的单元测试...\n\n--- 测试运行结果 ---\n标准输出 (stdout):\nRunning tests for calculator.py...\nTest add_float_numbers passed.\nTest add_mixed_numbers passed.\nTest add_negative_numbers passed.\nTest add_positive_numbers passed.\nTest add_zero passed.\nTest divide_by_one passed.\nTest divide_float_numbers passed.\nTest divide_negative_numbers passed.\nTest divide_positive_numbers passed.\nTest divide_zero_by_number passed.\nTest multiply_by_zero passed.\nTest multiply_float_numbers passed.\nTest multiply_negative_numbers passed.\nTest multiply_positive_numbers passed.\nTest subtract_float_numbers passed.\nTest subtract_mixed_numbers passed.\nTest subtract_negative_numbers passed.\nTest subtract_positive_numbers passed.\nTest subtract_zero passed.\n\n标准错误 (stderr):\n......F.............\n======================================================================\nFAIL: test_divide_by_zero (__main__.TestCalculator)\n测试除法：除数为零的边界条件\n----------------------------------------------------------------------\nTraceback (most recent call last):\n  File \"/home/guci/aiProjects/AgentFrameWork/test_calculator.py\", line 134, in test_divide_by_zero\n    self.assertEqual(str(cm.exception), \"Cannot divide by zero\")\nAssertionError: 'Cannot divide by zero!' != 'Cannot divide by zero'\n- Cannot divide by zero!\n?                      -\n+ Cannot divide by zero\n\n\n----------------------------------------------------------------------\nRan 20 tests in 0.001s\n\nFAILED (failures=1)\n\n\n部分或所有单元测试未能通过。请检查上述输出以获取详细信息。\n发生错误: 'TeeOutput' object has no attribute 'getvalue'\n"
  ],
  "workflow_id": "workflow_\n____开发一个简单的计算器程序，要求_20250628_0606",
  "iteration_count": 3,
  "goal_achieved": false
}