{
  "id": "workflow_\n____开发一个简单的计算器程序，要求_20250628_0606_initial_iter_1_iter_2_iter_3_iter_4",
  "state": "**新系统状态描述:**\n\n**执行操作和结果:**\n规则`DebugAndRefine`已成功执行。在修正`calculator.py`中`divide`函数的错误消息时，系统发现该文件中的错误消息（`'Cannot divide by zero'`）已与测试用例预期的消息完全匹配，因此文件内容未实际修改，仅被重新写入。随后，系统尝试重新运行单元测试以验证修复，但**未能完整捕获和报告测试结果**，导致无法确认所有测试是否已通过。\n\n**当前系统状态:**\n`calculator.py`中`divide`函数的错误消息已符合预期。然而，由于重新运行测试的完整结果缺失，系统无法确认`test_divide_by_zero`测试是否已通过，也无法确认所有单元测试是否都已通过。因此，开发计算器程序的第三项要求（运行测试，确保测试通过）尚未得到完全验证。系统已识别出需要再次运行测试并确保结果捕获的问题。\n\n**下一步行动方向:**\n鉴于测试结果缺失，系统需要再次运行单元测试以明确所有测试的通过情况。下一步将是触发【verification阶段】的`RunTestsAndReport`规则，以获取完整的测试报告，从而验证`test_divide_by_zero`问题是否已解决，并确认所有测试是否都已通过。\n\n**关键数据和状态信息:**\n*   `file_exists_calculator_py`: True\n*   `calculator_py_content_verified`: True\n*   `basic_operations_implemented`: True\n*   `file_exists_test_calculator_py`: True\n*   `test_calculator_py_content_verified`: True\n*   `unit_tests_written`: True\n*   `tests_executed`: True (但结果未完整捕获)\n*   `tests_passed_all`: False (状态未确认，默认为未通过)\n*   `failed_test_count`: null (上次失败的测试状态未验证)\n*   `failed_test_name`: null (上次失败的测试状态未验证)\n*   `bug_identified`: True (原先的错误消息不匹配问题已解决，但修复未验证；新增测试结果捕获问题)\n*   `goal_progress_step1_completed`: True\n*   `goal_progress_step2_completed`: True\n*   `goal_progress_step3_completed`: False\n*   `current_file_name`: \"calculator.py\" (上次操作的主要目标文件)\n*   `workflow_stage`: \"re_verification_required\"",
  "context_variables": {
    "goal": "\n    开发一个简单的计算器程序，要求：\n    1. 实现加减乘除四个基本运算\n    2. 编写完整的单元测试\n    3. 运行测试，确保测试通过\n    4. 文件保存在calculator.py\n    ",
    "last_execution_success": false
  },
  "execution_history": [
    "[iter_0] 工作流启动",
    "[执行成功] 执行结果: 好的，根据您的指令，我已经成功编写了`add`、`subtract`、`multiply`、`divide`四个函数，并将它们保存到了`calculator.py`文件中。\n\n代码执行结果显示，`calculator.py`文件已成功创建，并且文件内容也经过了验证，符合预期。这完成了开发简单计算器程序的第一步，即实现了加减乘除四个基本运算功能并将其保存到指定文件。 | 输出: 文件 'calculator.py' 已成功创建。\n文件内容验证成功。\n任务完成\n",
    "[执行成功] 执行结果: 好的，我已经根据您的指令，为`calculator.py`中的`add`、`subtract`、`multiply`、`divide`函数编写了完整的单元测试用例，并已将测试代码成功保存到`test_calculator.py`文件中。\n\n**执行结果：**\n*   `test_calculator.py`文件已成功创建。\n*   该文件包含了针对加、减、乘、除函数的全面单元测试，涵盖了正数、负数、零、浮点数等正常情况，以及除数为零的边界条件。\n*   文件内容已通过验证，符合预期。\n\n这标志着开发计算器程序的第二项要求（编写完整的单元测试）已完成。\n\n**下一步行动方向：**\n鉴于`test_calculator.py`已成功创建并包含所需测试，系统现在将进入运行这些单元测试的阶段，以确保`calculator.py`中的函数功能正确。 | 输出: test_calculator.py 文件已成功创建并包含单元测试代码。\n任务完成\n",
    "[执行成功] 执行结果: 好的，我已经根据您的指令，运行了`test_calculator.py`中的所有单元测试，并已获取测试结果。\n\n**执行结果：**\n测试运行已完成，但结果显示部分单元测试未能通过。\n\n*   **测试总数：** 20个\n*   **失败测试数：** 1个\n*   **通过测试数：** 19个\n\n**失败详情：**\n`test_divide_by_zero` 测试用例未能通过。该测试旨在验证当除数为零时，`divide`函数是否能正确处理并抛出预期的错误。\n*   **预期错误消息：** `'Cannot divide by zero'`\n*   **实际错误消息：** `'Cannot divide by zero!'`\n失败的原因是实际抛出的错误消息比预期多了一个感叹号，导致断言失败。\n\n**当前系统状态：**\n`test_calculator.py`中的单元测试已成功运行并报告了结果。然而，由于`test_divide_by_zero`测试失败，表明`calculator.py`中`divide`函数的错误处理逻辑与测试用例的预期不完全一致。这标志着开发计算器程序的第三项要求（运行测试，确保测试通过）尚未完全达成。\n\n**下一步行动方向：**\n鉴于`test_divide_by_zero`测试失败，下一步将是修正`calculator.py`中`divide`函数的错误处理逻辑，确保其在除数为零时抛出的错误消息与测试用例期望的`\"Cannot divide by zero\"`完全一致。修正完成后，需要重新运行单元测试以验证问题是否已解决。 | 输出: 正在运行 test_calculator.py 中的单元测试...\n\n--- 测试运行结果 ---\n标准输出 (stdout):\nRunning tests for calculator.py...\nTest add_float_numbers passed.\nTest add_mixed_numbers passed.\nTest add_negative_numbers passed.\nTest add_positive_numbers passed.\nTest add_zero passed.\nTest divide_by_one passed.\nTest divide_float_numbers passed.\nTest divide_negative_numbers passed.\nTest divide_positive_numbers passed.\nTest divide_zero_by_number passed.\nTest multiply_by_zero passed.\nTest multiply_float_numbers passed.\nTest multiply_negative_numbers passed.\nTest multiply_positive_numbers passed.\nTest subtract_float_numbers passed.\nTest subtract_mixed_numbers passed.\nTest subtract_negative_numbers passed.\nTest subtract_positive_numbers passed.\nTest subtract_zero passed.\n\n标准错误 (stderr):\n......F.............\n======================================================================\nFAIL: test_divide_by_zero (__main__.TestCalculator)\n测试除法：除数为零的边界条件\n----------------------------------------------------------------------\nTraceback (most recent call last):\n  File \"/home/guci/aiProjects/AgentFrameWork/test_calculator.py\", line 134, in test_divide_by_zero\n    self.assertEqual(str(cm.exception), \"Cannot divide by zero\")\nAssertionError: 'Cannot divide by zero!' != 'Cannot divide by zero'\n- Cannot divide by zero!\n?                      -\n+ Cannot divide by zero\n\n\n----------------------------------------------------------------------\nRan 20 tests in 0.001s\n\nFAILED (failures=1)\n\n\n部分或所有单元测试未能通过。请检查上述输出以获取详细信息。\n发生错误: 'TeeOutput' object has no attribute 'getvalue'\n",
    "[执行失败] 执行结果: 好的，我已经根据您的指令，分析了当前系统状态和您提供的Python代码执行结果。\n\n**执行结果分析：**\n\n1.  **`calculator.py`文件状态：**\n    *   根据代码执行的标准输出，在读取`calculator.py`文件时，其`divide`函数中的错误消息已经被发现是`raise ValueError(\"Cannot divide by zero\")`，即**不包含感叹号**。\n    *   这与之前测试失败报告中指出的“实际错误消息：`'Cannot divide by zero!'`”存在矛盾。这意味着在本次执行之前，`calculator.py`文件中的错误消息可能已经得到了修正，或者之前的报告信息有误。\n    *   由于文件内容已是正确的，代码逻辑判断`未找到预期的错误消息字符串`，因此`calculator.py`文件实际上**没有进行任何修改**，只是被重新写入了其原有的（已是正确的）内容。\n\n2.  **测试重新运行：**\n    *   代码成功地进入了“重新运行单元测试以验证修复”的阶段。\n    *   然而，**关键问题在于，代码执行的标准输出和标准错误中，缺少了重新运行测试的详细结果。** 输出在“正在重新运行单元测试以验证修复...”之后就戛然而止，没有显示`unittest`的测试报告（例如通过了多少个，失败了多少个，以及具体的失败信息）。\n    *   这意味着我们无法确认在`calculator.py`文件内容（已是正确状态）下，`test_divide_by_zero`测试是否已经通过，或者是否有其他测试失败。\n\n**结论：**\n\n尽管`calculator.py`文件中的`divide`函数错误消息在本次执行时已被发现是正确的，但由于**重新运行测试的完整结果缺失**，我们无法确认所有单元测试是否已通过。因此，开发计算器程序的第三项要求（运行测试，确保测试通过）尚未得到完全验证。\n\n**下一步行动方向：**\n\n为了明确当前所有测试的通过情况，我们需要**再次运行单元测试**，并确保能够完整捕获并报告测试结果。这将帮助我们最终确认`test_divide_by_zero`问题是否已解决，以及所有测试是否都已通过。 | 输出: 正在读取 'calculator.py' 的内容...\n原始内容:\n---START---\n\ndef add(x, y):\n    \"\"\"Adds two numbers.\"\"\"\n    return x + y\n\ndef subtract(x, y):\n    \"\"\"Subtracts two numbers.\"\"\"\n    return x - y\n\ndef multiply(x, y):\n    \"\"\"Multiplies two numbers.\"\"\"\n    return x * y\n\ndef divide(x, y):\n    \"\"\"Divides two numbers, raises ValueError if divisor is zero.\"\"\"\n    if y == 0:\n        raise ValueError(\"Cannot divide by zero\")\n    return x / y\n\n---END---\n未找到预期的错误消息字符串，可能文件已被修改或内容不符。\n文件 'calculator.py' 已成功更新。\n文件内容更新验证成功。\n\n正在重新运行单元测试以验证修复...\n"
  ],
  "workflow_id": "workflow_\n____开发一个简单的计算器程序，要求_20250628_0606",
  "iteration_count": 4,
  "goal_achieved": false
}